<?xml version="1.0" encoding="UTF-8"?>
<coverage generated="1523723844809" clover="3.2.0">
  <project timestamp="1523723844809" name="All files">
    <metrics statements="72" coveredstatements="56" conditionals="32" coveredconditionals="16" methods="16" coveredmethods="13" elements="120" coveredelements="85" complexity="0" loc="72" ncloc="72" packages="1" files="2" classes="2">
      <file name="entity.js" path="/Users/matt/development/sourced/src/entity.js">
        <metrics statements="71" coveredstatements="55" conditionals="32" coveredconditionals="16" methods="15" coveredmethods="12"/>
        <line num="9" count="1" type="stmt"/>
        <line num="19" count="1" type="stmt"/>
        <line num="20" count="1" type="stmt"/>
        <line num="31" count="1" type="stmt"/>
        <line num="47" count="9" type="stmt"/>
        <line num="53" count="9" type="stmt"/>
        <line num="60" count="9" type="stmt"/>
        <line num="66" count="9" type="stmt"/>
        <line num="72" count="9" type="stmt"/>
        <line num="78" count="9" type="stmt"/>
        <line num="84" count="9" type="stmt"/>
        <line num="85" count="9" type="stmt"/>
        <line num="92" count="9" type="cond" truecount="1" falsecount="1"/>
        <line num="93" count="0" type="stmt"/>
        <line num="94" count="0" type="stmt"/>
        <line num="103" count="9" type="cond" truecount="1" falsecount="1"/>
        <line num="104" count="0" type="stmt"/>
        <line num="105" count="0" type="stmt"/>
        <line num="114" count="5" type="cond" truecount="2" falsecount="0"/>
        <line num="115" count="4" type="stmt"/>
        <line num="124" count="1" type="cond" truecount="1" falsecount="1"/>
        <line num="125" count="1" type="stmt"/>
        <line num="138" count="5" type="cond" truecount="2" falsecount="0"/>
        <line num="139" count="4" type="stmt"/>
        <line num="140" count="4" type="stmt"/>
        <line num="141" count="4" type="stmt"/>
        <line num="142" count="4" type="stmt"/>
        <line num="161" count="3" type="stmt"/>
        <line num="162" count="3" type="stmt"/>
        <line num="163" count="5" type="cond" truecount="1" falsecount="1"/>
        <line num="164" count="5" type="stmt"/>
        <line num="166" count="3" type="stmt"/>
        <line num="184" count="5" type="cond" truecount="2" falsecount="4"/>
        <line num="188" count="0" type="stmt"/>
        <line num="189" count="5" type="cond" truecount="4" falsecount="0"/>
        <line num="190" count="4" type="stmt"/>
        <line num="208" count="2" type="stmt"/>
        <line num="210" count="2" type="stmt"/>
        <line num="212" count="2" type="stmt"/>
        <line num="214" count="2" type="stmt"/>
        <line num="215" count="2" type="cond" truecount="2" falsecount="0"/>
        <line num="216" count="1" type="stmt"/>
        <line num="217" count="1" type="stmt"/>
        <line num="219" count="1" type="stmt"/>
        <line num="220" count="2" type="stmt"/>
        <line num="221" count="1" type="stmt"/>
        <line num="222" count="1" type="stmt"/>
        <line num="223" count="1" type="stmt"/>
        <line num="224" count="1" type="stmt"/>
        <line num="228" count="1" type="stmt"/>
        <line num="241" count="1" type="stmt"/>
        <line num="242" count="1" type="stmt"/>
        <line num="243" count="1" type="stmt"/>
        <line num="256" count="1" type="stmt"/>
        <line num="257" count="1" type="stmt"/>
        <line num="258" count="1" type="stmt"/>
        <line num="259" count="1" type="stmt"/>
        <line num="260" count="1" type="stmt"/>
        <line num="261" count="1" type="stmt"/>
        <line num="262" count="1" type="stmt"/>
        <line num="293" count="0" type="cond" truecount="0" falsecount="2"/>
        <line num="294" count="0" type="cond" truecount="0" falsecount="2"/>
        <line num="295" count="0" type="cond" truecount="0" falsecount="2"/>
        <line num="296" count="0" type="stmt"/>
        <line num="297" count="0" type="stmt"/>
        <line num="298" count="0" type="stmt"/>
        <line num="299" count="0" type="stmt"/>
        <line num="301" count="0" type="stmt"/>
        <line num="302" count="0" type="stmt"/>
        <line num="337" count="0" type="cond" truecount="0" falsecount="2"/>
        <line num="338" count="0" type="stmt"/>
      </file>
      <file name="value.js" path="/Users/matt/development/sourced/src/value.js">
        <metrics statements="1" coveredstatements="1" conditionals="0" coveredconditionals="0" methods="1" coveredmethods="1"/>
        <line num="2" count="1" type="stmt"/>
      </file>
    </metrics>
  </project>
</coverage>
