{"/Users/matt/development/sourced/src/entity.js": {"path":"/Users/matt/development/sourced/src/entity.js","statementMap":{"0":{"start":{"line":9,"column":12},"end":{"line":9,"column":28}},"1":{"start":{"line":19,"column":4},"end":{"line":19,"column":18}},"2":{"start":{"line":20,"column":4},"end":{"line":20,"column":46}},"3":{"start":{"line":31,"column":24},"end":{"line":31,"column":33}},"4":{"start":{"line":47,"column":4},"end":{"line":47,"column":11}},"5":{"start":{"line":53,"column":4},"end":{"line":53,"column":26}},"6":{"start":{"line":60,"column":4},"end":{"line":60,"column":23}},"7":{"start":{"line":66,"column":4},"end":{"line":66,"column":26}},"8":{"start":{"line":72,"column":4},"end":{"line":72,"column":28}},"9":{"start":{"line":78,"column":4},"end":{"line":78,"column":31}},"10":{"start":{"line":84,"column":4},"end":{"line":84,"column":20}},"11":{"start":{"line":85,"column":15},"end":{"line":85,"column":52}},"12":{"start":{"line":92,"column":4},"end":{"line":95,"column":5}},"13":{"start":{"line":93,"column":21},"end":{"line":93,"column":28}},"14":{"start":{"line":94,"column":6},"end":{"line":94,"column":26}},"15":{"start":{"line":103,"column":4},"end":{"line":106,"column":5}},"16":{"start":{"line":104,"column":18},"end":{"line":104,"column":25}},"17":{"start":{"line":105,"column":6},"end":{"line":105,"column":24}},"18":{"start":{"line":114,"column":4},"end":{"line":116,"column":5}},"19":{"start":{"line":115,"column":6},"end":{"line":115,"column":63}},"20":{"start":{"line":124,"column":4},"end":{"line":126,"column":5}},"21":{"start":{"line":125,"column":6},"end":{"line":125,"column":39}},"22":{"start":{"line":138,"column":4},"end":{"line":148,"column":5}},"23":{"start":{"line":139,"column":6},"end":{"line":139,"column":33}},"24":{"start":{"line":140,"column":6},"end":{"line":140,"column":37}},"25":{"start":{"line":141,"column":6},"end":{"line":141,"column":73}},"26":{"start":{"line":142,"column":6},"end":{"line":147,"column":8}},"27":{"start":{"line":161,"column":4},"end":{"line":161,"column":53}},"28":{"start":{"line":162,"column":4},"end":{"line":165,"column":5}},"29":{"start":{"line":163,"column":6},"end":{"line":163,"column":88}},"30":{"start":{"line":163,"column":57},"end":{"line":163,"column":86}},"31":{"start":{"line":164,"column":6},"end":{"line":164,"column":39}},"32":{"start":{"line":166,"column":4},"end":{"line":166,"column":15}},"33":{"start":{"line":184,"column":4},"end":{"line":190,"column":27}},"34":{"start":{"line":188,"column":6},"end":{"line":188,"column":106}},"35":{"start":{"line":189,"column":11},"end":{"line":190,"column":27}},"36":{"start":{"line":189,"column":76},"end":{"line":189,"column":100}},"37":{"start":{"line":190,"column":9},"end":{"line":190,"column":27}},"38":{"start":{"line":208,"column":15},"end":{"line":208,"column":19}},"39":{"start":{"line":210,"column":4},"end":{"line":210,"column":25}},"40":{"start":{"line":212,"column":4},"end":{"line":212,"column":51}},"41":{"start":{"line":214,"column":4},"end":{"line":226,"column":6}},"42":{"start":{"line":215,"column":6},"end":{"line":225,"column":7}},"43":{"start":{"line":216,"column":8},"end":{"line":216,"column":38}},"44":{"start":{"line":217,"column":8},"end":{"line":217,"column":36}},"45":{"start":{"line":219,"column":33},"end":{"line":219,"column":86}},"46":{"start":{"line":220,"column":22},"end":{"line":220,"column":84}},"47":{"start":{"line":220,"column":55},"end":{"line":220,"column":83}},"48":{"start":{"line":221,"column":26},"end":{"line":221,"column":57}},"49":{"start":{"line":222,"column":29},"end":{"line":222,"column":120}},"50":{"start":{"line":223,"column":8},"end":{"line":223,"column":25}},"51":{"start":{"line":224,"column":8},"end":{"line":224,"column":43}},"52":{"start":{"line":228,"column":4},"end":{"line":228,"column":26}},"53":{"start":{"line":241,"column":4},"end":{"line":241,"column":39}},"54":{"start":{"line":242,"column":15},"end":{"line":242,"column":36}},"55":{"start":{"line":243,"column":4},"end":{"line":243,"column":34}},"56":{"start":{"line":256,"column":4},"end":{"line":256,"column":32}},"57":{"start":{"line":257,"column":4},"end":{"line":257,"column":29}},"58":{"start":{"line":258,"column":4},"end":{"line":258,"column":29}},"59":{"start":{"line":259,"column":4},"end":{"line":259,"column":27}},"60":{"start":{"line":260,"column":4},"end":{"line":260,"column":33}},"61":{"start":{"line":261,"column":4},"end":{"line":261,"column":26}},"62":{"start":{"line":262,"column":4},"end":{"line":262,"column":19}},"63":{"start":{"line":293,"column":4},"end":{"line":293,"column":86}},"64":{"start":{"line":293,"column":15},"end":{"line":293,"column":86}},"65":{"start":{"line":294,"column":4},"end":{"line":294,"column":90}},"66":{"start":{"line":294,"column":13},"end":{"line":294,"column":90}},"67":{"start":{"line":295,"column":4},"end":{"line":295,"column":139}},"68":{"start":{"line":295,"column":18},"end":{"line":295,"column":139}},"69":{"start":{"line":296,"column":4},"end":{"line":303,"column":5}},"70":{"start":{"line":297,"column":25},"end":{"line":297,"column":62}},"71":{"start":{"line":298,"column":6},"end":{"line":298,"column":33}},"72":{"start":{"line":299,"column":6},"end":{"line":299,"column":53}},"73":{"start":{"line":301,"column":25},"end":{"line":301,"column":62}},"74":{"start":{"line":302,"column":6},"end":{"line":302,"column":39}},"75":{"start":{"line":337,"column":4},"end":{"line":337,"column":82}},"76":{"start":{"line":337,"column":41},"end":{"line":337,"column":82}},"77":{"start":{"line":338,"column":4},"end":{"line":338,"column":48}}},"fnMap":{"0":{"name":"(anonymous_0)","decl":{"start":{"line":18,"column":2},"end":{"line":18,"column":3}},"loc":{"start":{"line":18,"column":23},"end":{"line":21,"column":3}},"line":18},"1":{"name":"(anonymous_1)","decl":{"start":{"line":46,"column":2},"end":{"line":46,"column":3}},"loc":{"start":{"line":46,"column":17},"end":{"line":107,"column":3}},"line":46},"2":{"name":"(anonymous_2)","decl":{"start":{"line":113,"column":2},"end":{"line":113,"column":3}},"loc":{"start":{"line":113,"column":10},"end":{"line":117,"column":3}},"line":113},"3":{"name":"(anonymous_3)","decl":{"start":{"line":123,"column":2},"end":{"line":123,"column":3}},"loc":{"start":{"line":123,"column":13},"end":{"line":127,"column":3}},"line":123},"4":{"name":"(anonymous_4)","decl":{"start":{"line":137,"column":2},"end":{"line":137,"column":3}},"loc":{"start":{"line":137,"column":24},"end":{"line":149,"column":3}},"line":137},"5":{"name":"(anonymous_5)","decl":{"start":{"line":160,"column":2},"end":{"line":160,"column":3}},"loc":{"start":{"line":160,"column":19},"end":{"line":167,"column":3}},"line":160},"6":{"name":"(anonymous_6)","decl":{"start":{"line":183,"column":2},"end":{"line":183,"column":3}},"loc":{"start":{"line":183,"column":30},"end":{"line":191,"column":3}},"line":183},"7":{"name":"(anonymous_7)","decl":{"start":{"line":207,"column":2},"end":{"line":207,"column":3}},"loc":{"start":{"line":207,"column":18},"end":{"line":229,"column":3}},"line":207},"8":{"name":"(anonymous_8)","decl":{"start":{"line":214,"column":19},"end":{"line":214,"column":20}},"loc":{"start":{"line":214,"column":36},"end":{"line":226,"column":5}},"line":214},"9":{"name":"(anonymous_9)","decl":{"start":{"line":220,"column":44},"end":{"line":220,"column":45}},"loc":{"start":{"line":220,"column":55},"end":{"line":220,"column":83}},"line":220},"10":{"name":"(anonymous_10)","decl":{"start":{"line":240,"column":2},"end":{"line":240,"column":3}},"loc":{"start":{"line":240,"column":14},"end":{"line":244,"column":3}},"line":240},"11":{"name":"(anonymous_11)","decl":{"start":{"line":255,"column":2},"end":{"line":255,"column":3}},"loc":{"start":{"line":255,"column":26},"end":{"line":263,"column":3}},"line":255},"12":{"name":"(anonymous_12)","decl":{"start":{"line":292,"column":2},"end":{"line":292,"column":3}},"loc":{"start":{"line":292,"column":33},"end":{"line":304,"column":3}},"line":292},"13":{"name":"(anonymous_13)","decl":{"start":{"line":296,"column":30},"end":{"line":296,"column":31}},"loc":{"start":{"line":296,"column":42},"end":{"line":303,"column":5}},"line":296},"14":{"name":"(anonymous_14)","decl":{"start":{"line":336,"column":2},"end":{"line":336,"column":3}},"loc":{"start":{"line":336,"column":40},"end":{"line":339,"column":3}},"line":336}},"branchMap":{"0":{"loc":{"start":{"line":92,"column":4},"end":{"line":95,"column":5}},"type":"if","locations":[{"start":{"line":92,"column":4},"end":{"line":95,"column":5}},{"start":{"line":92,"column":4},"end":{"line":95,"column":5}}],"line":92},"1":{"loc":{"start":{"line":103,"column":4},"end":{"line":106,"column":5}},"type":"if","locations":[{"start":{"line":103,"column":4},"end":{"line":106,"column":5}},{"start":{"line":103,"column":4},"end":{"line":106,"column":5}}],"line":103},"2":{"loc":{"start":{"line":114,"column":4},"end":{"line":116,"column":5}},"type":"if","locations":[{"start":{"line":114,"column":4},"end":{"line":116,"column":5}},{"start":{"line":114,"column":4},"end":{"line":116,"column":5}}],"line":114},"3":{"loc":{"start":{"line":124,"column":4},"end":{"line":126,"column":5}},"type":"if","locations":[{"start":{"line":124,"column":4},"end":{"line":126,"column":5}},{"start":{"line":124,"column":4},"end":{"line":126,"column":5}}],"line":124},"4":{"loc":{"start":{"line":138,"column":4},"end":{"line":148,"column":5}},"type":"if","locations":[{"start":{"line":138,"column":4},"end":{"line":148,"column":5}},{"start":{"line":138,"column":4},"end":{"line":148,"column":5}}],"line":138},"5":{"loc":{"start":{"line":163,"column":6},"end":{"line":163,"column":88}},"type":"if","locations":[{"start":{"line":163,"column":6},"end":{"line":163,"column":88}},{"start":{"line":163,"column":6},"end":{"line":163,"column":88}}],"line":163},"6":{"loc":{"start":{"line":184,"column":4},"end":{"line":190,"column":27}},"type":"if","locations":[{"start":{"line":184,"column":4},"end":{"line":190,"column":27}},{"start":{"line":184,"column":4},"end":{"line":190,"column":27}}],"line":184},"7":{"loc":{"start":{"line":184,"column":8},"end":{"line":187,"column":103}},"type":"binary-expr","locations":[{"start":{"line":184,"column":8},"end":{"line":184,"column":28}},{"start":{"line":185,"column":6},"end":{"line":185,"column":71}},{"start":{"line":186,"column":6},"end":{"line":186,"column":81}},{"start":{"line":187,"column":6},"end":{"line":187,"column":103}}],"line":184},"8":{"loc":{"start":{"line":189,"column":11},"end":{"line":190,"column":27}},"type":"if","locations":[{"start":{"line":189,"column":11},"end":{"line":190,"column":27}},{"start":{"line":189,"column":11},"end":{"line":190,"column":27}}],"line":189},"9":{"loc":{"start":{"line":189,"column":15},"end":{"line":189,"column":74}},"type":"binary-expr","locations":[{"start":{"line":189,"column":15},"end":{"line":189,"column":40}},{"start":{"line":189,"column":44},"end":{"line":189,"column":74}}],"line":189},"10":{"loc":{"start":{"line":215,"column":6},"end":{"line":225,"column":7}},"type":"if","locations":[{"start":{"line":215,"column":6},"end":{"line":225,"column":7}},{"start":{"line":215,"column":6},"end":{"line":225,"column":7}}],"line":215},"11":{"loc":{"start":{"line":293,"column":4},"end":{"line":293,"column":86}},"type":"if","locations":[{"start":{"line":293,"column":4},"end":{"line":293,"column":86}},{"start":{"line":293,"column":4},"end":{"line":293,"column":86}}],"line":293},"12":{"loc":{"start":{"line":294,"column":4},"end":{"line":294,"column":90}},"type":"if","locations":[{"start":{"line":294,"column":4},"end":{"line":294,"column":90}},{"start":{"line":294,"column":4},"end":{"line":294,"column":90}}],"line":294},"13":{"loc":{"start":{"line":295,"column":4},"end":{"line":295,"column":139}},"type":"if","locations":[{"start":{"line":295,"column":4},"end":{"line":295,"column":139}},{"start":{"line":295,"column":4},"end":{"line":295,"column":139}}],"line":295},"14":{"loc":{"start":{"line":337,"column":4},"end":{"line":337,"column":82}},"type":"if","locations":[{"start":{"line":337,"column":4},"end":{"line":337,"column":82}},{"start":{"line":337,"column":4},"end":{"line":337,"column":82}}],"line":337}},"s":{"0":1,"1":1,"2":1,"3":1,"4":9,"5":9,"6":9,"7":9,"8":9,"9":9,"10":9,"11":9,"12":9,"13":0,"14":0,"15":9,"16":0,"17":0,"18":5,"19":4,"20":1,"21":1,"22":5,"23":4,"24":4,"25":4,"26":4,"27":3,"28":3,"29":5,"30":5,"31":5,"32":3,"33":5,"34":0,"35":5,"36":1,"37":4,"38":2,"39":2,"40":2,"41":2,"42":2,"43":1,"44":1,"45":1,"46":1,"47":2,"48":1,"49":1,"50":1,"51":1,"52":1,"53":1,"54":1,"55":1,"56":1,"57":1,"58":1,"59":1,"60":1,"61":1,"62":1,"63":0,"64":0,"65":0,"66":0,"67":0,"68":0,"69":0,"70":0,"71":0,"72":0,"73":0,"74":0,"75":0,"76":0,"77":0},"f":{"0":1,"1":9,"2":5,"3":1,"4":5,"5":3,"6":5,"7":2,"8":2,"9":2,"10":1,"11":1,"12":0,"13":0,"14":0},"b":{"0":[0,9],"1":[0,9],"2":[4,1],"3":[1,0],"4":[4,1],"5":[5,0],"6":[0,5],"7":[5,0,0,0],"8":[1,4],"9":[5,1],"10":[1,1],"11":[0,0],"12":[0,0],"13":[0,0],"14":[0,0]},"_coverageSchema":"332fd63041d2c1bcb487cc26dd0d5f7d97098a6c","hash":"1c46b9119140643417ccb09aa6969a85029f7b1c"}
,"/Users/matt/development/sourced/src/value.js": {"path":"/Users/matt/development/sourced/src/value.js","statementMap":{"0":{"start":{"line":2,"column":2},"end":{"line":2,"column":27}}},"fnMap":{"0":{"name":"(anonymous_0)","decl":{"start":{"line":1,"column":15},"end":{"line":1,"column":16}},"loc":{"start":{"line":1,"column":24},"end":{"line":3,"column":1}},"line":1}},"branchMap":{},"s":{"0":1},"f":{"0":1},"b":{},"_coverageSchema":"332fd63041d2c1bcb487cc26dd0d5f7d97098a6c","hash":"56b9764aa3facfb617ffb5e33428e1fd4fa58093"}
}
