TN:
SF:/Users/matt/development/sourced/src/entity.js
FN:18,(anonymous_0)
FN:46,(anonymous_1)
FN:113,(anonymous_2)
FN:123,(anonymous_3)
FN:137,(anonymous_4)
FN:160,(anonymous_5)
FN:183,(anonymous_6)
FN:207,(anonymous_7)
FN:214,(anonymous_8)
FN:220,(anonymous_9)
FN:240,(anonymous_10)
FN:255,(anonymous_11)
FN:292,(anonymous_12)
FN:296,(anonymous_13)
FN:336,(anonymous_14)
FNF:15
FNH:12
FNDA:1,(anonymous_0)
FNDA:9,(anonymous_1)
FNDA:5,(anonymous_2)
FNDA:1,(anonymous_3)
FNDA:5,(anonymous_4)
FNDA:3,(anonymous_5)
FNDA:5,(anonymous_6)
FNDA:2,(anonymous_7)
FNDA:2,(anonymous_8)
FNDA:2,(anonymous_9)
FNDA:1,(anonymous_10)
FNDA:1,(anonymous_11)
FNDA:0,(anonymous_12)
FNDA:0,(anonymous_13)
FNDA:0,(anonymous_14)
DA:9,1
DA:19,1
DA:20,1
DA:31,1
DA:47,9
DA:53,9
DA:60,9
DA:66,9
DA:72,9
DA:78,9
DA:84,9
DA:85,9
DA:92,9
DA:93,0
DA:94,0
DA:103,9
DA:104,0
DA:105,0
DA:114,5
DA:115,4
DA:124,1
DA:125,1
DA:138,5
DA:139,4
DA:140,4
DA:141,4
DA:142,4
DA:161,3
DA:162,3
DA:163,5
DA:164,5
DA:166,3
DA:184,5
DA:188,0
DA:189,5
DA:190,4
DA:208,2
DA:210,2
DA:212,2
DA:214,2
DA:215,2
DA:216,1
DA:217,1
DA:219,1
DA:220,2
DA:221,1
DA:222,1
DA:223,1
DA:224,1
DA:228,1
DA:241,1
DA:242,1
DA:243,1
DA:256,1
DA:257,1
DA:258,1
DA:259,1
DA:260,1
DA:261,1
DA:262,1
DA:293,0
DA:294,0
DA:295,0
DA:296,0
DA:297,0
DA:298,0
DA:299,0
DA:301,0
DA:302,0
DA:337,0
DA:338,0
LF:71
LH:55
BRDA:92,0,0,0
BRDA:92,0,1,9
BRDA:103,1,0,0
BRDA:103,1,1,9
BRDA:114,2,0,4
BRDA:114,2,1,1
BRDA:124,3,0,1
BRDA:124,3,1,0
BRDA:138,4,0,4
BRDA:138,4,1,1
BRDA:163,5,0,5
BRDA:163,5,1,0
BRDA:184,6,0,0
BRDA:184,6,1,5
BRDA:184,7,0,5
BRDA:184,7,1,0
BRDA:184,7,2,0
BRDA:184,7,3,0
BRDA:189,8,0,1
BRDA:189,8,1,4
BRDA:189,9,0,5
BRDA:189,9,1,1
BRDA:215,10,0,1
BRDA:215,10,1,1
BRDA:293,11,0,0
BRDA:293,11,1,0
BRDA:294,12,0,0
BRDA:294,12,1,0
BRDA:295,13,0,0
BRDA:295,13,1,0
BRDA:337,14,0,0
BRDA:337,14,1,0
BRF:32
BRH:16
end_of_record
TN:
SF:/Users/matt/development/sourced/src/value.js
FN:1,(anonymous_0)
FNF:1
FNH:1
FNDA:1,(anonymous_0)
DA:2,1
LF:1
LH:1
BRF:0
BRH:0
end_of_record
